<?xml version="1.0" encoding="UTF-8"?>
<testsuite xmlns:xsi="http://www.w3.org/2001/XMLSchema-instance" xsi:noNamespaceSchemaLocation="https://maven.apache.org/surefire/maven-surefire-plugin/xsd/surefire-test-report.xsd" name="galicia.challenge.virtualAssistant.service.AssistantServiceTest" time="0.297" tests="9" errors="0" skipped="0" failures="0">
  <properties>
[...]
</properties>
  <testcase name="testHandleQuestion_Error" classname="galicia.challenge.virtualAssistant.service.AssistantServiceTest" time="0.148"/>
  <testcase name="testHandleQuestion_Dialogflow" classname="galicia.challenge.virtualAssistant.service.AssistantServiceTest" time="0.134"/>
  <testcase name="testHandleQuestion_Weather" classname="galicia.challenge.virtualAssistant.service.AssistantServiceTest" time="0.001"/>
  <testcase name="testQueryDialogflow_HttpServerError" classname="galicia.challenge.virtualAssistant.service.AssistantServiceTest" time="0.004"/>
  <testcase name="testHandleQuestion_DollarOfficial_Success" classname="galicia.challenge.virtualAssistant.service.AssistantServiceTest" time="0.001"/>
  <testcase name="testQueryDialogflow_UnknownError" classname="galicia.challenge.virtualAssistant.service.AssistantServiceTest" time="0.001"/>
  <testcase name="testHandleQuestion_DollarBlue_Success" classname="galicia.challenge.virtualAssistant.service.AssistantServiceTest" time="0.002"/>
  <testcase name="testQueryDialogflow_HttpClientError" classname="galicia.challenge.virtualAssistant.service.AssistantServiceTest" time="0.003"/>
  <testcase name="testHandleQuestion_Time" classname="galicia.challenge.virtualAssistant.service.AssistantServiceTest" time="0.001"/>
</testsuite>